2015-09-15 21:27:28,578 - Velocimacro : autoload off  : VM system will not automatically reload global library macros
2015-09-15 21:27:28,578 - Velocimacro : initialization complete.
2015-09-15 21:27:28,578 - Velocity successfully started.
2015-09-15 21:29:34,015 - SimpleLog4JLogSystem initialized using logfile 'velocity.log'
2015-09-15 21:29:34,015 - ************************************************************** 
2015-09-15 21:29:34,015 - Starting Jakarta Velocity v1.4
2015-09-15 21:29:34,015 - RuntimeInstance initializing.
2015-09-15 21:29:34,015 - Default Properties File: org\apache\velocity\runtime\defaults\velocity.properties
2015-09-15 21:29:34,015 - Trying to use logger class org.apache.velocity.runtime.log.SimpleLog4JLogSystem
2015-09-15 21:29:34,015 - Using logger class org.apache.velocity.runtime.log.SimpleLog4JLogSystem
2015-09-15 21:29:34,030 - Default ResourceManager initializing. (class org.apache.velocity.runtime.resource.ResourceManagerImpl)
2015-09-15 21:29:34,030 - Resource Loader Instantiated: org.apache.velocity.runtime.resource.loader.ClasspathResourceLoader
2015-09-15 21:29:34,030 - ClasspathResourceLoader : initialization starting.
2015-09-15 21:29:34,030 - ClasspathResourceLoader : initialization complete.
2015-09-15 21:29:34,030 - ResourceCache : initialized. (class org.apache.velocity.runtime.resource.ResourceCacheImpl)
2015-09-15 21:29:34,030 - Default ResourceManager initialization complete.
2015-09-15 21:29:34,030 - Loaded System Directive: org.apache.velocity.runtime.directive.Literal
2015-09-15 21:29:34,030 - Loaded System Directive: org.apache.velocity.runtime.directive.Macro
2015-09-15 21:29:34,030 - Loaded System Directive: org.apache.velocity.runtime.directive.Parse
2015-09-15 21:29:34,030 - Loaded System Directive: org.apache.velocity.runtime.directive.Include
2015-09-15 21:29:34,030 - Loaded System Directive: org.apache.velocity.runtime.directive.Foreach
2015-09-15 21:29:34,061 - Created: 20 parsers.
2015-09-15 21:29:34,061 - Velocimacro : initialization starting.
2015-09-15 21:29:34,061 - Velocimacro : adding VMs from VM library template : VM_global_library.vm
2015-09-15 21:29:34,077 - ResourceManager : unable to find resource 'VM_global_library.vm' in any resource loader.
2015-09-15 21:29:34,077 - Velocimacro : error using  VM library template VM_global_library.vm : org.apache.velocity.exception.ResourceNotFoundException: Unable to find resource 'VM_global_library.vm'
2015-09-15 21:29:34,077 - Velocimacro :  VM library template macro registration complete.
2015-09-15 21:29:34,077 - Velocimacro : allowInline = true : VMs can be defined inline in templates
2015-09-15 21:29:34,077 - Velocimacro : allowInlineToOverride = false : VMs defined inline may NOT replace previous VM definitions
2015-09-15 21:29:34,077 - Velocimacro : allowInlineLocal = false : VMs defined inline will be  global in scope if allowed.
2015-09-15 21:29:34,077 - Velocimacro : messages on  : VM system will output logging messages
2015-09-15 21:29:34,077 - Velocimacro : autoload off  : VM system will not automatically reload global library macros
2015-09-15 21:29:34,077 - Velocimacro : initialization complete.
2015-09-15 21:29:34,077 - Velocity successfully started.
2015-09-15 21:30:27,087 - ResourceManager : found repast/simphony/scenario/Scenario.vt with loader org.apache.velocity.runtime.resource.loader.ClasspathResourceLoader
2015-09-15 21:42:27,842 - SimpleLog4JLogSystem initialized using logfile 'velocity.log'
2015-09-15 21:42:27,842 - ************************************************************** 
2015-09-15 21:42:27,842 - Starting Jakarta Velocity v1.4
2015-09-15 21:42:27,842 - RuntimeInstance initializing.
2015-09-15 21:42:27,842 - Default Properties File: org\apache\velocity\runtime\defaults\velocity.properties
2015-09-15 21:42:27,842 - Trying to use logger class org.apache.velocity.runtime.log.SimpleLog4JLogSystem
2015-09-15 21:42:27,842 - Using logger class org.apache.velocity.runtime.log.SimpleLog4JLogSystem
2015-09-15 21:42:27,842 - Default ResourceManager initializing. (class org.apache.velocity.runtime.resource.ResourceManagerImpl)
2015-09-15 21:42:27,858 - Resource Loader Instantiated: org.apache.velocity.runtime.resource.loader.ClasspathResourceLoader
2015-09-15 21:42:27,858 - ClasspathResourceLoader : initialization starting.
2015-09-15 21:42:27,858 - ClasspathResourceLoader : initialization complete.
2015-09-15 21:42:27,858 - ResourceCache : initialized. (class org.apache.velocity.runtime.resource.ResourceCacheImpl)
2015-09-15 21:42:27,858 - Default ResourceManager initialization complete.
2015-09-15 21:42:27,858 - Loaded System Directive: org.apache.velocity.runtime.directive.Literal
2015-09-15 21:42:27,858 - Loaded System Directive: org.apache.velocity.runtime.directive.Macro
2015-09-15 21:42:27,858 - Loaded System Directive: org.apache.velocity.runtime.directive.Parse
2015-09-15 21:42:27,858 - Loaded System Directive: org.apache.velocity.runtime.directive.Include
2015-09-15 21:42:27,858 - Loaded System Directive: org.apache.velocity.runtime.directive.Foreach
2015-09-15 21:42:27,889 - Created: 20 parsers.
2015-09-15 21:42:27,889 - Velocimacro : initialization starting.
2015-09-15 21:42:27,889 - Velocimacro : adding VMs from VM library template : VM_global_library.vm
2015-09-15 21:42:27,905 - ResourceManager : unable to find resource 'VM_global_library.vm' in any resource loader.
2015-09-15 21:42:27,905 - Velocimacro : error using  VM library template VM_global_library.vm : org.apache.velocity.exception.ResourceNotFoundException: Unable to find resource 'VM_global_library.vm'
2015-09-15 21:42:27,905 - Velocimacro :  VM library template macro registration complete.
2015-09-15 21:42:27,905 - Velocimacro : allowInline = true : VMs can be defined inline in templates
2015-09-15 21:42:27,905 - Velocimacro : allowInlineToOverride = false : VMs defined inline may NOT replace previous VM definitions
2015-09-15 21:42:27,905 - Velocimacro : allowInlineLocal = false : VMs defined inline will be  global in scope if allowed.
2015-09-15 21:42:27,905 - Velocimacro : messages on  : VM system will output logging messages
2015-09-15 21:42:27,905 - Velocimacro : autoload off  : VM system will not automatically reload global library macros
2015-09-15 21:42:27,905 - Velocimacro : initialization complete.
2015-09-15 21:42:27,905 - Velocity successfully started.
2015-09-15 21:47:43,225 - SimpleLog4JLogSystem initialized using logfile 'velocity.log'
2015-09-15 21:47:43,225 - ************************************************************** 
2015-09-15 21:47:43,225 - Starting Jakarta Velocity v1.4
2015-09-15 21:47:43,225 - RuntimeInstance initializing.
2015-09-15 21:47:43,225 - Default Properties File: org\apache\velocity\runtime\defaults\velocity.properties
2015-09-15 21:47:43,225 - Trying to use logger class org.apache.velocity.runtime.log.SimpleLog4JLogSystem
2015-09-15 21:47:43,225 - Using logger class org.apache.velocity.runtime.log.SimpleLog4JLogSystem
2015-09-15 21:47:43,225 - Default ResourceManager initializing. (class org.apache.velocity.runtime.resource.ResourceManagerImpl)
2015-09-15 21:47:43,241 - Resource Loader Instantiated: org.apache.velocity.runtime.resource.loader.ClasspathResourceLoader
2015-09-15 21:47:43,241 - ClasspathResourceLoader : initialization starting.
2015-09-15 21:47:43,241 - ClasspathResourceLoader : initialization complete.
2015-09-15 21:47:43,241 - ResourceCache : initialized. (class org.apache.velocity.runtime.resource.ResourceCacheImpl)
2015-09-15 21:47:43,241 - Default ResourceManager initialization complete.
2015-09-15 21:47:43,241 - Loaded System Directive: org.apache.velocity.runtime.directive.Literal
2015-09-15 21:47:43,241 - Loaded System Directive: org.apache.velocity.runtime.directive.Macro
2015-09-15 21:47:43,241 - Loaded System Directive: org.apache.velocity.runtime.directive.Parse
2015-09-15 21:47:43,241 - Loaded System Directive: org.apache.velocity.runtime.directive.Include
2015-09-15 21:47:43,241 - Loaded System Directive: org.apache.velocity.runtime.directive.Foreach
2015-09-15 21:47:43,272 - Created: 20 parsers.
2015-09-15 21:47:43,272 - Velocimacro : initialization starting.
2015-09-15 21:47:43,272 - Velocimacro : adding VMs from VM library template : VM_global_library.vm
2015-09-15 21:47:43,287 - ResourceManager : unable to find resource 'VM_global_library.vm' in any resource loader.
2015-09-15 21:47:43,287 - Velocimacro : error using  VM library template VM_global_library.vm : org.apache.velocity.exception.ResourceNotFoundException: Unable to find resource 'VM_global_library.vm'
2015-09-15 21:47:43,287 - Velocimacro :  VM library template macro registration complete.
2015-09-15 21:47:43,287 - Velocimacro : allowInline = true : VMs can be defined inline in templates
2015-09-15 21:47:43,287 - Velocimacro : allowInlineToOverride = false : VMs defined inline may NOT replace previous VM definitions
2015-09-15 21:47:43,287 - Velocimacro : allowInlineLocal = false : VMs defined inline will be  global in scope if allowed.
2015-09-15 21:47:43,287 - Velocimacro : messages on  : VM system will output logging messages
2015-09-15 21:47:43,287 - Velocimacro : autoload off  : VM system will not automatically reload global library macros
2015-09-15 21:47:43,287 - Velocimacro : initialization complete.
2015-09-15 21:47:43,287 - Velocity successfully started.
2015-09-15 21:49:16,910 - ResourceManager : found repast/simphony/scenario/Scenario.vt with loader org.apache.velocity.runtime.resource.loader.ClasspathResourceLoader
2015-09-15 21:49:20,155 - ResourceManager : found repast/simphony/parameter/parameters.vt with loader org.apache.velocity.runtime.resource.loader.ClasspathResourceLoader
2015-09-15 21:49:31,389 - SimpleLog4JLogSystem initialized using logfile 'velocity.log'
2015-09-15 21:49:31,389 - ************************************************************** 
2015-09-15 21:49:31,389 - Starting Jakarta Velocity v1.4
2015-09-15 21:49:31,389 - RuntimeInstance initializing.
2015-09-15 21:49:31,389 - Default Properties File: org\apache\velocity\runtime\defaults\velocity.properties
2015-09-15 21:49:31,389 - Trying to use logger class org.apache.velocity.runtime.log.SimpleLog4JLogSystem
2015-09-15 21:49:31,389 - Using logger class org.apache.velocity.runtime.log.SimpleLog4JLogSystem
2015-09-15 21:49:31,404 - Default ResourceManager initializing. (class org.apache.velocity.runtime.resource.ResourceManagerImpl)
2015-09-15 21:49:31,404 - Resource Loader Instantiated: org.apache.velocity.runtime.resource.loader.ClasspathResourceLoader
2015-09-15 21:49:31,404 - ClasspathResourceLoader : initialization starting.
2015-09-15 21:49:31,404 - ClasspathResourceLoader : initialization complete.
2015-09-15 21:49:31,404 - ResourceCache : initialized. (class org.apache.velocity.runtime.resource.ResourceCacheImpl)
2015-09-15 21:49:31,404 - Default ResourceManager initialization complete.
2015-09-15 21:49:31,404 - Loaded System Directive: org.apache.velocity.runtime.directive.Literal
2015-09-15 21:49:31,404 - Loaded System Directive: org.apache.velocity.runtime.directive.Macro
2015-09-15 21:49:31,404 - Loaded System Directive: org.apache.velocity.runtime.directive.Parse
2015-09-15 21:49:31,404 - Loaded System Directive: org.apache.velocity.runtime.directive.Include
2015-09-15 21:49:31,404 - Loaded System Directive: org.apache.velocity.runtime.directive.Foreach
2015-09-15 21:49:31,436 - Created: 20 parsers.
2015-09-15 21:49:31,436 - Velocimacro : initialization starting.
2015-09-15 21:49:31,436 - Velocimacro : adding VMs from VM library template : VM_global_library.vm
2015-09-15 21:49:31,451 - ResourceManager : unable to find resource 'VM_global_library.vm' in any resource loader.
2015-09-15 21:49:31,451 - Velocimacro : error using  VM library template VM_global_library.vm : org.apache.velocity.exception.ResourceNotFoundException: Unable to find resource 'VM_global_library.vm'
2015-09-15 21:49:31,451 - Velocimacro :  VM library template macro registration complete.
2015-09-15 21:49:31,451 - Velocimacro : allowInline = true : VMs can be defined inline in templates
2015-09-15 21:49:31,451 - Velocimacro : allowInlineToOverride = false : VMs defined inline may NOT replace previous VM definitions
2015-09-15 21:49:31,451 - Velocimacro : allowInlineLocal = false : VMs defined inline will be  global in scope if allowed.
2015-09-15 21:49:31,451 - Velocimacro : messages on  : VM system will output logging messages
2015-09-15 21:49:31,451 - Velocimacro : autoload off  : VM system will not automatically reload global library macros
2015-09-15 21:49:31,451 - Velocimacro : initialization complete.
2015-09-15 21:49:31,451 - Velocity successfully started.
2015-09-15 21:49:36,506 - ResourceManager : found repast/simphony/scenario/Scenario.vt with loader org.apache.velocity.runtime.resource.loader.ClasspathResourceLoader
2015-09-15 21:49:38,549 - ResourceManager : found repast/simphony/parameter/parameters.vt with loader org.apache.velocity.runtime.resource.loader.ClasspathResourceLoader
2015-09-15 21:52:05,382 - SimpleLog4JLogSystem initialized using logfile 'velocity.log'
2015-09-15 21:52:05,382 - ************************************************************** 
2015-09-15 21:52:05,382 - Starting Jakarta Velocity v1.4
2015-09-15 21:52:05,382 - RuntimeInstance initializing.
2015-09-15 21:52:05,382 - Default Properties File: org\apache\velocity\runtime\defaults\velocity.properties
2015-09-15 21:52:05,382 - Trying to use logger class org.apache.velocity.runtime.log.SimpleLog4JLogSystem
2015-09-15 21:52:05,382 - Using logger class org.apache.velocity.runtime.log.SimpleLog4JLogSystem
2015-09-15 21:52:05,382 - Default ResourceManager initializing. (class org.apache.velocity.runtime.resource.ResourceManagerImpl)
2015-09-15 21:52:05,382 - Resource Loader Instantiated: org.apache.velocity.runtime.resource.loader.ClasspathResourceLoader
2015-09-15 21:52:05,382 - ClasspathResourceLoader : initialization starting.
2015-09-15 21:52:05,382 - ClasspathResourceLoader : initialization complete.
2015-09-15 21:52:05,397 - ResourceCache : initialized. (class org.apache.velocity.runtime.resource.ResourceCacheImpl)
2015-09-15 21:52:05,397 - Default ResourceManager initialization complete.
2015-09-15 21:52:05,397 - Loaded System Directive: org.apache.velocity.runtime.directive.Literal
2015-09-15 21:52:05,397 - Loaded System Directive: org.apache.velocity.runtime.directive.Macro
2015-09-15 21:52:05,397 - Loaded System Directive: org.apache.velocity.runtime.directive.Parse
2015-09-15 21:52:05,397 - Loaded System Directive: org.apache.velocity.runtime.directive.Include
2015-09-15 21:52:05,397 - Loaded System Directive: org.apache.velocity.runtime.directive.Foreach
2015-09-15 21:52:05,429 - Created: 20 parsers.
2015-09-15 21:52:05,429 - Velocimacro : initialization starting.
2015-09-15 21:52:05,429 - Velocimacro : adding VMs from VM library template : VM_global_library.vm
2015-09-15 21:52:05,429 - ResourceManager : unable to find resource 'VM_global_library.vm' in any resource loader.
2015-09-15 21:52:05,429 - Velocimacro : error using  VM library template VM_global_library.vm : org.apache.velocity.exception.ResourceNotFoundException: Unable to find resource 'VM_global_library.vm'
2015-09-15 21:52:05,429 - Velocimacro :  VM library template macro registration complete.
2015-09-15 21:52:05,429 - Velocimacro : allowInline = true : VMs can be defined inline in templates
2015-09-15 21:52:05,429 - Velocimacro : allowInlineToOverride = false : VMs defined inline may NOT replace previous VM definitions
2015-09-15 21:52:05,429 - Velocimacro : allowInlineLocal = false : VMs defined inline will be  global in scope if allowed.
2015-09-15 21:52:05,429 - Velocimacro : messages on  : VM system will output logging messages
2015-09-15 21:52:05,429 - Velocimacro : autoload off  : VM system will not automatically reload global library macros
2015-09-15 21:52:05,429 - Velocimacro : initialization complete.
2015-09-15 21:52:05,429 - Velocity successfully started.
2015-09-15 21:53:35,661 - ResourceManager : found repast/simphony/scenario/Scenario.vt with loader org.apache.velocity.runtime.resource.loader.ClasspathResourceLoader
2015-09-15 21:53:38,843 - ResourceManager : found repast/simphony/parameter/parameters.vt with loader org.apache.velocity.runtime.resource.loader.ClasspathResourceLoader
2015-09-15 21:56:20,228 - ResourceManager : found repast/simphony/scenario/Scenario.vt with loader org.apache.velocity.runtime.resource.loader.ClasspathResourceLoader
2015-09-15 21:56:22,974 - ResourceManager : found repast/simphony/parameter/parameters.vt with loader org.apache.velocity.runtime.resource.loader.ClasspathResourceLoader
2015-09-15 21:56:51,834 - ResourceManager : found repast/simphony/scenario/Scenario.vt with loader org.apache.velocity.runtime.resource.loader.ClasspathResourceLoader
2015-09-15 21:56:53,488 - ResourceManager : found repast/simphony/scenario/Scenario.vt with loader org.apache.velocity.runtime.resource.loader.ClasspathResourceLoader
2015-09-15 21:56:54,736 - ResourceManager : found repast/simphony/parameter/parameters.vt with loader org.apache.velocity.runtime.resource.loader.ClasspathResourceLoader
2015-09-15 21:57:08,186 - ResourceManager : found repast/simphony/scenario/Scenario.vt with loader org.apache.velocity.runtime.resource.loader.ClasspathResourceLoader
2015-09-15 21:57:17,718 - SimpleLog4JLogSystem initialized using logfile 'velocity.log'
2015-09-15 21:57:17,718 - ************************************************************** 
2015-09-15 21:57:17,718 - Starting Jakarta Velocity v1.4
2015-09-15 21:57:17,718 - RuntimeInstance initializing.
2015-09-15 21:57:17,718 - Default Properties File: org\apache\velocity\runtime\defaults\velocity.properties
2015-09-15 21:57:17,718 - Trying to use logger class org.apache.velocity.runtime.log.SimpleLog4JLogSystem
2015-09-15 21:57:17,718 - Using logger class org.apache.velocity.runtime.log.SimpleLog4JLogSystem
2015-09-15 21:57:17,734 - Default ResourceManager initializing. (class org.apache.velocity.runtime.resource.ResourceManagerImpl)
2015-09-15 21:57:17,734 - Resource Loader Instantiated: org.apache.velocity.runtime.resource.loader.ClasspathResourceLoader
2015-09-15 21:57:17,734 - ClasspathResourceLoader : initialization starting.
2015-09-15 21:57:17,734 - ClasspathResourceLoader : initialization complete.
2015-09-15 21:57:17,734 - ResourceCache : initialized. (class org.apache.velocity.runtime.resource.ResourceCacheImpl)
2015-09-15 21:57:17,734 - Default ResourceManager initialization complete.
2015-09-15 21:57:17,734 - Loaded System Directive: org.apache.velocity.runtime.directive.Literal
2015-09-15 21:57:17,734 - Loaded System Directive: org.apache.velocity.runtime.directive.Macro
2015-09-15 21:57:17,734 - Loaded System Directive: org.apache.velocity.runtime.directive.Parse
2015-09-15 21:57:17,734 - Loaded System Directive: org.apache.velocity.runtime.directive.Include
2015-09-15 21:57:17,734 - Loaded System Directive: org.apache.velocity.runtime.directive.Foreach
2015-09-15 21:57:17,765 - Created: 20 parsers.
2015-09-15 21:57:17,765 - Velocimacro : initialization starting.
2015-09-15 21:57:17,765 - Velocimacro : adding VMs from VM library template : VM_global_library.vm
2015-09-15 21:57:17,781 - ResourceManager : unable to find resource 'VM_global_library.vm' in any resource loader.
2015-09-15 21:57:17,781 - Velocimacro : error using  VM library template VM_global_library.vm : org.apache.velocity.exception.ResourceNotFoundException: Unable to find resource 'VM_global_library.vm'
2015-09-15 21:57:17,781 - Velocimacro :  VM library template macro registration complete.
2015-09-15 21:57:17,781 - Velocimacro : allowInline = true : VMs can be defined inline in templates
2015-09-15 21:57:17,781 - Velocimacro : allowInlineToOverride = false : VMs defined inline may NOT replace previous VM definitions
2015-09-15 21:57:17,781 - Velocimacro : allowInlineLocal = false : VMs defined inline will be  global in scope if allowed.
2015-09-15 21:57:17,781 - Velocimacro : messages on  : VM system will output logging messages
2015-09-15 21:57:17,781 - Velocimacro : autoload off  : VM system will not automatically reload global library macros
2015-09-15 21:57:17,781 - Velocimacro : initialization complete.
2015-09-15 21:57:17,781 - Velocity successfully started.
2015-09-15 21:57:55,986 - ResourceManager : found repast/simphony/scenario/Scenario.vt with loader org.apache.velocity.runtime.resource.loader.ClasspathResourceLoader
2015-09-15 21:58:00,947 - ResourceManager : found repast/simphony/parameter/parameters.vt with loader org.apache.velocity.runtime.resource.loader.ClasspathResourceLoader
2015-09-15 21:58:14,427 - SimpleLog4JLogSystem initialized using logfile 'velocity.log'
2015-09-15 21:58:14,427 - ************************************************************** 
2015-09-15 21:58:14,427 - Starting Jakarta Velocity v1.4
2015-09-15 21:58:14,427 - RuntimeInstance initializing.
2015-09-15 21:58:14,427 - Default Properties File: org\apache\velocity\runtime\defaults\velocity.properties
2015-09-15 21:58:14,427 - Trying to use logger class org.apache.velocity.runtime.log.SimpleLog4JLogSystem
2015-09-15 21:58:14,427 - Using logger class org.apache.velocity.runtime.log.SimpleLog4JLogSystem
2015-09-15 21:58:14,443 - Default ResourceManager initializing. (class org.apache.velocity.runtime.resource.ResourceManagerImpl)
2015-09-15 21:58:14,443 - Resource Loader Instantiated: org.apache.velocity.runtime.resource.loader.ClasspathResourceLoader
2015-09-15 21:58:14,443 - ClasspathResourceLoader : initialization starting.
2015-09-15 21:58:14,443 - ClasspathResourceLoader : initialization complete.
2015-09-15 21:58:14,443 - ResourceCache : initialized. (class org.apache.velocity.runtime.resource.ResourceCacheImpl)
2015-09-15 21:58:14,443 - Default ResourceManager initialization complete.
2015-09-15 21:58:14,443 - Loaded System Directive: org.apache.velocity.runtime.directive.Literal
2015-09-15 21:58:14,443 - Loaded System Directive: org.apache.velocity.runtime.directive.Macro
2015-09-15 21:58:14,443 - Loaded System Directive: org.apache.velocity.runtime.directive.Parse
2015-09-15 21:58:14,443 - Loaded System Directive: org.apache.velocity.runtime.directive.Include
2015-09-15 21:58:14,443 - Loaded System Directive: org.apache.velocity.runtime.directive.Foreach
2015-09-15 21:58:14,474 - Created: 20 parsers.
2015-09-15 21:58:14,474 - Velocimacro : initialization starting.
2015-09-15 21:58:14,474 - Velocimacro : adding VMs from VM library template : VM_global_library.vm
2015-09-15 21:58:14,490 - ResourceManager : unable to find resource 'VM_global_library.vm' in any resource loader.
2015-09-15 21:58:14,490 - Velocimacro : error using  VM library template VM_global_library.vm : org.apache.velocity.exception.ResourceNotFoundException: Unable to find resource 'VM_global_library.vm'
2015-09-15 21:58:14,490 - Velocimacro :  VM library template macro registration complete.
2015-09-15 21:58:14,490 - Velocimacro : allowInline = true : VMs can be defined inline in templates
2015-09-15 21:58:14,490 - Velocimacro : allowInlineToOverride = false : VMs defined inline may NOT replace previous VM definitions
2015-09-15 21:58:14,490 - Velocimacro : allowInlineLocal = false : VMs defined inline will be  global in scope if allowed.
2015-09-15 21:58:14,490 - Velocimacro : messages on  : VM system will output logging messages
2015-09-15 21:58:14,490 - Velocimacro : autoload off  : VM system will not automatically reload global library macros
2015-09-15 21:58:14,490 - Velocimacro : initialization complete.
2015-09-15 21:58:14,490 - Velocity successfully started.
2015-09-15 22:15:33,337 - SimpleLog4JLogSystem initialized using logfile 'velocity.log'
2015-09-15 22:15:33,352 - ************************************************************** 
2015-09-15 22:15:33,352 - Starting Jakarta Velocity v1.4
2015-09-15 22:15:33,352 - RuntimeInstance initializing.
2015-09-15 22:15:33,352 - Default Properties File: org\apache\velocity\runtime\defaults\velocity.properties
2015-09-15 22:15:33,352 - Trying to use logger class org.apache.velocity.runtime.log.SimpleLog4JLogSystem
2015-09-15 22:15:33,352 - Using logger class org.apache.velocity.runtime.log.SimpleLog4JLogSystem
2015-09-15 22:15:33,357 - Default ResourceManager initializing. (class org.apache.velocity.runtime.resource.ResourceManagerImpl)
2015-09-15 22:15:33,364 - Resource Loader Instantiated: org.apache.velocity.runtime.resource.loader.ClasspathResourceLoader
2015-09-15 22:15:33,364 - ClasspathResourceLoader : initialization starting.
2015-09-15 22:15:33,364 - ClasspathResourceLoader : initialization complete.
2015-09-15 22:15:33,366 - ResourceCache : initialized. (class org.apache.velocity.runtime.resource.ResourceCacheImpl)
2015-09-15 22:15:33,366 - Default ResourceManager initialization complete.
2015-09-15 22:15:33,373 - Loaded System Directive: org.apache.velocity.runtime.directive.Literal
2015-09-15 22:15:33,376 - Loaded System Directive: org.apache.velocity.runtime.directive.Macro
2015-09-15 22:15:33,379 - Loaded System Directive: org.apache.velocity.runtime.directive.Parse
2015-09-15 22:15:33,381 - Loaded System Directive: org.apache.velocity.runtime.directive.Include
2015-09-15 22:15:33,382 - Loaded System Directive: org.apache.velocity.runtime.directive.Foreach
2015-09-15 22:15:33,417 - Created: 20 parsers.
2015-09-15 22:15:33,429 - Velocimacro : initialization starting.
2015-09-15 22:15:33,429 - Velocimacro : adding VMs from VM library template : VM_global_library.vm
2015-09-15 22:15:33,435 - ResourceManager : unable to find resource 'VM_global_library.vm' in any resource loader.
2015-09-15 22:15:33,435 - Velocimacro : error using  VM library template VM_global_library.vm : org.apache.velocity.exception.ResourceNotFoundException: Unable to find resource 'VM_global_library.vm'
2015-09-15 22:15:33,435 - Velocimacro :  VM library template macro registration complete.
2015-09-15 22:15:33,435 - Velocimacro : allowInline = true : VMs can be defined inline in templates
2015-09-15 22:15:33,435 - Velocimacro : allowInlineToOverride = false : VMs defined inline may NOT replace previous VM definitions
2015-09-15 22:15:33,435 - Velocimacro : allowInlineLocal = false : VMs defined inline will be  global in scope if allowed.
2015-09-15 22:15:33,435 - Velocimacro : messages on  : VM system will output logging messages
2015-09-15 22:15:33,435 - Velocimacro : autoload off  : VM system will not automatically reload global library macros
2015-09-15 22:15:33,435 - Velocimacro : initialization complete.
2015-09-15 22:15:33,435 - Velocity successfully started.
2015-09-15 22:23:28,578 - ResourceManager : found repast/simphony/scenario/Scenario.vt with loader org.apache.velocity.runtime.resource.loader.ClasspathResourceLoader
2015-09-15 22:25:17,955 - SimpleLog4JLogSystem initialized using logfile 'velocity.log'
2015-09-15 22:25:17,955 - ************************************************************** 
2015-09-15 22:25:17,955 - Starting Jakarta Velocity v1.4
2015-09-15 22:25:17,955 - RuntimeInstance initializing.
2015-09-15 22:25:17,955 - Default Properties File: org\apache\velocity\runtime\defaults\velocity.properties
2015-09-15 22:25:17,955 - Trying to use logger class org.apache.velocity.runtime.log.SimpleLog4JLogSystem
2015-09-15 22:25:17,955 - Using logger class org.apache.velocity.runtime.log.SimpleLog4JLogSystem
2015-09-15 22:25:17,960 - Default ResourceManager initializing. (class org.apache.velocity.runtime.resource.ResourceManagerImpl)
2015-09-15 22:25:17,963 - Resource Loader Instantiated: org.apache.velocity.runtime.resource.loader.ClasspathResourceLoader
2015-09-15 22:25:17,963 - ClasspathResourceLoader : initialization starting.
2015-09-15 22:25:17,963 - ClasspathResourceLoader : initialization complete.
2015-09-15 22:25:17,965 - ResourceCache : initialized. (class org.apache.velocity.runtime.resource.ResourceCacheImpl)
2015-09-15 22:25:17,965 - Default ResourceManager initialization complete.
2015-09-15 22:25:17,967 - Loaded System Directive: org.apache.velocity.runtime.directive.Literal
2015-09-15 22:25:17,969 - Loaded System Directive: org.apache.velocity.runtime.directive.Macro
2015-09-15 22:25:17,972 - Loaded System Directive: org.apache.velocity.runtime.directive.Parse
2015-09-15 22:25:17,974 - Loaded System Directive: org.apache.velocity.runtime.directive.Include
2015-09-15 22:25:17,976 - Loaded System Directive: org.apache.velocity.runtime.directive.Foreach
2015-09-15 22:25:18,005 - Created: 20 parsers.
2015-09-15 22:25:18,014 - Velocimacro : initialization starting.
2015-09-15 22:25:18,014 - Velocimacro : adding VMs from VM library template : VM_global_library.vm
2015-09-15 22:25:18,022 - ResourceManager : unable to find resource 'VM_global_library.vm' in any resource loader.
2015-09-15 22:25:18,022 - Velocimacro : error using  VM library template VM_global_library.vm : org.apache.velocity.exception.ResourceNotFoundException: Unable to find resource 'VM_global_library.vm'
2015-09-15 22:25:18,022 - Velocimacro :  VM library template macro registration complete.
2015-09-15 22:25:18,022 - Velocimacro : allowInline = true : VMs can be defined inline in templates
2015-09-15 22:25:18,022 - Velocimacro : allowInlineToOverride = false : VMs defined inline may NOT replace previous VM definitions
2015-09-15 22:25:18,022 - Velocimacro : allowInlineLocal = false : VMs defined inline will be  global in scope if allowed.
2015-09-15 22:25:18,022 - Velocimacro : messages on  : VM system will output logging messages
2015-09-15 22:25:18,022 - Velocimacro : autoload off  : VM system will not automatically reload global library macros
2015-09-15 22:25:18,022 - Velocimacro : initialization complete.
2015-09-15 22:25:18,022 - Velocity successfully started.
2015-09-15 22:27:13,815 - ResourceManager : found repast/simphony/scenario/Scenario.vt with loader org.apache.velocity.runtime.resource.loader.ClasspathResourceLoader
2015-09-15 22:27:17,615 - ResourceManager : found repast/simphony/parameter/parameters.vt with loader org.apache.velocity.runtime.resource.loader.ClasspathResourceLoader
2015-09-15 22:27:21,215 - ResourceManager : found repast/simphony/scenario/Scenario.vt with loader org.apache.velocity.runtime.resource.loader.ClasspathResourceLoader
2015-09-15 22:28:07,162 - ResourceManager : found repast/simphony/scenario/Scenario.vt with loader org.apache.velocity.runtime.resource.loader.ClasspathResourceLoader
2015-09-15 22:28:07,218 - ResourceManager : found repast/simphony/scenario/Scenario.vt with loader org.apache.velocity.runtime.resource.loader.ClasspathResourceLoader
2015-09-15 22:28:07,284 - ResourceManager : found repast/simphony/scenario/Scenario.vt with loader org.apache.velocity.runtime.resource.loader.ClasspathResourceLoader
2015-09-15 22:28:07,335 - ResourceManager : found repast/simphony/scenario/Scenario.vt with loader org.apache.velocity.runtime.resource.loader.ClasspathResourceLoader
2015-09-15 22:30:07,584 - SimpleLog4JLogSystem initialized using logfile 'velocity.log'
2015-09-15 22:30:07,584 - ************************************************************** 
2015-09-15 22:30:07,584 - Starting Jakarta Velocity v1.4
2015-09-15 22:30:07,584 - RuntimeInstance initializing.
2015-09-15 22:30:07,584 - Default Properties File: org\apache\velocity\runtime\defaults\velocity.properties
2015-09-15 22:30:07,584 - Trying to use logger class org.apache.velocity.runtime.log.SimpleLog4JLogSystem
2015-09-15 22:30:07,584 - Using logger class org.apache.velocity.runtime.log.SimpleLog4JLogSystem
2015-09-15 22:30:07,589 - Default ResourceManager initializing. (class org.apache.velocity.runtime.resource.ResourceManagerImpl)
2015-09-15 22:30:07,592 - Resource Loader Instantiated: org.apache.velocity.runtime.resource.loader.ClasspathResourceLoader
2015-09-15 22:30:07,592 - ClasspathResourceLoader : initialization starting.
2015-09-15 22:30:07,592 - ClasspathResourceLoader : initialization complete.
2015-09-15 22:30:07,595 - ResourceCache : initialized. (class org.apache.velocity.runtime.resource.ResourceCacheImpl)
2015-09-15 22:30:07,595 - Default ResourceManager initialization complete.
2015-09-15 22:30:07,598 - Loaded System Directive: org.apache.velocity.runtime.directive.Literal
2015-09-15 22:30:07,600 - Loaded System Directive: org.apache.velocity.runtime.directive.Macro
2015-09-15 22:30:07,604 - Loaded System Directive: org.apache.velocity.runtime.directive.Parse
2015-09-15 22:30:07,607 - Loaded System Directive: org.apache.velocity.runtime.directive.Include
2015-09-15 22:30:07,608 - Loaded System Directive: org.apache.velocity.runtime.directive.Foreach
2015-09-15 22:30:07,638 - Created: 20 parsers.
2015-09-15 22:30:07,648 - Velocimacro : initialization starting.
2015-09-15 22:30:07,648 - Velocimacro : adding VMs from VM library template : VM_global_library.vm
2015-09-15 22:30:07,653 - ResourceManager : unable to find resource 'VM_global_library.vm' in any resource loader.
2015-09-15 22:30:07,653 - Velocimacro : error using  VM library template VM_global_library.vm : org.apache.velocity.exception.ResourceNotFoundException: Unable to find resource 'VM_global_library.vm'
2015-09-15 22:30:07,653 - Velocimacro :  VM library template macro registration complete.
2015-09-15 22:30:07,653 - Velocimacro : allowInline = true : VMs can be defined inline in templates
2015-09-15 22:30:07,653 - Velocimacro : allowInlineToOverride = false : VMs defined inline may NOT replace previous VM definitions
2015-09-15 22:30:07,653 - Velocimacro : allowInlineLocal = false : VMs defined inline will be  global in scope if allowed.
2015-09-15 22:30:07,653 - Velocimacro : messages on  : VM system will output logging messages
2015-09-15 22:30:07,653 - Velocimacro : autoload off  : VM system will not automatically reload global library macros
2015-09-15 22:30:07,653 - Velocimacro : initialization complete.
2015-09-15 22:30:07,654 - Velocity successfully started.
2015-09-15 22:32:14,012 - SimpleLog4JLogSystem initialized using logfile 'velocity.log'
2015-09-15 22:32:14,012 - ************************************************************** 
2015-09-15 22:32:14,012 - Starting Jakarta Velocity v1.4
2015-09-15 22:32:14,012 - RuntimeInstance initializing.
2015-09-15 22:32:14,012 - Default Properties File: org\apache\velocity\runtime\defaults\velocity.properties
2015-09-15 22:32:14,012 - Trying to use logger class org.apache.velocity.runtime.log.SimpleLog4JLogSystem
2015-09-15 22:32:14,012 - Using logger class org.apache.velocity.runtime.log.SimpleLog4JLogSystem
2015-09-15 22:32:14,017 - Default ResourceManager initializing. (class org.apache.velocity.runtime.resource.ResourceManagerImpl)
2015-09-15 22:32:14,021 - Resource Loader Instantiated: org.apache.velocity.runtime.resource.loader.ClasspathResourceLoader
2015-09-15 22:32:14,021 - ClasspathResourceLoader : initialization starting.
2015-09-15 22:32:14,021 - ClasspathResourceLoader : initialization complete.
2015-09-15 22:32:14,024 - ResourceCache : initialized. (class org.apache.velocity.runtime.resource.ResourceCacheImpl)
2015-09-15 22:32:14,024 - Default ResourceManager initialization complete.
2015-09-15 22:32:14,026 - Loaded System Directive: org.apache.velocity.runtime.directive.Literal
2015-09-15 22:32:14,028 - Loaded System Directive: org.apache.velocity.runtime.directive.Macro
2015-09-15 22:32:14,031 - Loaded System Directive: org.apache.velocity.runtime.directive.Parse
2015-09-15 22:32:14,033 - Loaded System Directive: org.apache.velocity.runtime.directive.Include
2015-09-15 22:32:14,034 - Loaded System Directive: org.apache.velocity.runtime.directive.Foreach
2015-09-15 22:32:14,063 - Created: 20 parsers.
2015-09-15 22:32:14,073 - Velocimacro : initialization starting.
2015-09-15 22:32:14,073 - Velocimacro : adding VMs from VM library template : VM_global_library.vm
2015-09-15 22:32:14,078 - ResourceManager : unable to find resource 'VM_global_library.vm' in any resource loader.
2015-09-15 22:32:14,078 - Velocimacro : error using  VM library template VM_global_library.vm : org.apache.velocity.exception.ResourceNotFoundException: Unable to find resource 'VM_global_library.vm'
2015-09-15 22:32:14,079 - Velocimacro :  VM library template macro registration complete.
2015-09-15 22:32:14,079 - Velocimacro : allowInline = true : VMs can be defined inline in templates
2015-09-15 22:32:14,079 - Velocimacro : allowInlineToOverride = false : VMs defined inline may NOT replace previous VM definitions
2015-09-15 22:32:14,079 - Velocimacro : allowInlineLocal = false : VMs defined inline will be  global in scope if allowed.
2015-09-15 22:32:14,079 - Velocimacro : messages on  : VM system will output logging messages
2015-09-15 22:32:14,079 - Velocimacro : autoload off  : VM system will not automatically reload global library macros
2015-09-15 22:32:14,079 - Velocimacro : initialization complete.
2015-09-15 22:32:14,079 - Velocity successfully started.
2015-09-15 22:33:17,649 - ResourceManager : found repast/simphony/parameter/parameters.vt with loader org.apache.velocity.runtime.resource.loader.ClasspathResourceLoader
2015-09-15 22:33:22,523 - ResourceManager : found repast/simphony/scenario/Scenario.vt with loader org.apache.velocity.runtime.resource.loader.ClasspathResourceLoader
2015-09-15 22:33:30,668 - SimpleLog4JLogSystem initialized using logfile 'velocity.log'
2015-09-15 22:33:30,668 - ************************************************************** 
2015-09-15 22:33:30,668 - Starting Jakarta Velocity v1.4
2015-09-15 22:33:30,668 - RuntimeInstance initializing.
2015-09-15 22:33:30,668 - Default Properties File: org\apache\velocity\runtime\defaults\velocity.properties
2015-09-15 22:33:30,668 - Trying to use logger class org.apache.velocity.runtime.log.SimpleLog4JLogSystem
2015-09-15 22:33:30,668 - Using logger class org.apache.velocity.runtime.log.SimpleLog4JLogSystem
2015-09-15 22:33:30,673 - Default ResourceManager initializing. (class org.apache.velocity.runtime.resource.ResourceManagerImpl)
2015-09-15 22:33:30,676 - Resource Loader Instantiated: org.apache.velocity.runtime.resource.loader.ClasspathResourceLoader
2015-09-15 22:33:30,676 - ClasspathResourceLoader : initialization starting.
2015-09-15 22:33:30,676 - ClasspathResourceLoader : initialization complete.
2015-09-15 22:33:30,678 - ResourceCache : initialized. (class org.apache.velocity.runtime.resource.ResourceCacheImpl)
2015-09-15 22:33:30,678 - Default ResourceManager initialization complete.
2015-09-15 22:33:30,680 - Loaded System Directive: org.apache.velocity.runtime.directive.Literal
2015-09-15 22:33:30,682 - Loaded System Directive: org.apache.velocity.runtime.directive.Macro
2015-09-15 22:33:30,685 - Loaded System Directive: org.apache.velocity.runtime.directive.Parse
2015-09-15 22:33:30,687 - Loaded System Directive: org.apache.velocity.runtime.directive.Include
2015-09-15 22:33:30,688 - Loaded System Directive: org.apache.velocity.runtime.directive.Foreach
2015-09-15 22:33:30,717 - Created: 20 parsers.
2015-09-15 22:33:30,726 - Velocimacro : initialization starting.
2015-09-15 22:33:30,726 - Velocimacro : adding VMs from VM library template : VM_global_library.vm
2015-09-15 22:33:30,731 - ResourceManager : unable to find resource 'VM_global_library.vm' in any resource loader.
2015-09-15 22:33:30,731 - Velocimacro : error using  VM library template VM_global_library.vm : org.apache.velocity.exception.ResourceNotFoundException: Unable to find resource 'VM_global_library.vm'
2015-09-15 22:33:30,732 - Velocimacro :  VM library template macro registration complete.
2015-09-15 22:33:30,732 - Velocimacro : allowInline = true : VMs can be defined inline in templates
2015-09-15 22:33:30,732 - Velocimacro : allowInlineToOverride = false : VMs defined inline may NOT replace previous VM definitions
2015-09-15 22:33:30,732 - Velocimacro : allowInlineLocal = false : VMs defined inline will be  global in scope if allowed.
2015-09-15 22:33:30,732 - Velocimacro : messages on  : VM system will output logging messages
2015-09-15 22:33:30,732 - Velocimacro : autoload off  : VM system will not automatically reload global library macros
2015-09-15 22:33:30,732 - Velocimacro : initialization complete.
2015-09-15 22:33:30,732 - Velocity successfully started.
2015-09-15 22:34:08,828 - SimpleLog4JLogSystem initialized using logfile 'velocity.log'
2015-09-15 22:34:08,828 - ************************************************************** 
2015-09-15 22:34:08,828 - Starting Jakarta Velocity v1.4
2015-09-15 22:34:08,828 - RuntimeInstance initializing.
2015-09-15 22:34:08,828 - Default Properties File: org\apache\velocity\runtime\defaults\velocity.properties
2015-09-15 22:34:08,828 - Trying to use logger class org.apache.velocity.runtime.log.SimpleLog4JLogSystem
2015-09-15 22:34:08,828 - Using logger class org.apache.velocity.runtime.log.SimpleLog4JLogSystem
2015-09-15 22:34:08,833 - Default ResourceManager initializing. (class org.apache.velocity.runtime.resource.ResourceManagerImpl)
2015-09-15 22:34:08,836 - Resource Loader Instantiated: org.apache.velocity.runtime.resource.loader.ClasspathResourceLoader
2015-09-15 22:34:08,836 - ClasspathResourceLoader : initialization starting.
2015-09-15 22:34:08,836 - ClasspathResourceLoader : initialization complete.
2015-09-15 22:34:08,838 - ResourceCache : initialized. (class org.apache.velocity.runtime.resource.ResourceCacheImpl)
2015-09-15 22:34:08,838 - Default ResourceManager initialization complete.
2015-09-15 22:34:08,840 - Loaded System Directive: org.apache.velocity.runtime.directive.Literal
2015-09-15 22:34:08,842 - Loaded System Directive: org.apache.velocity.runtime.directive.Macro
2015-09-15 22:34:08,845 - Loaded System Directive: org.apache.velocity.runtime.directive.Parse
2015-09-15 22:34:08,847 - Loaded System Directive: org.apache.velocity.runtime.directive.Include
2015-09-15 22:34:08,849 - Loaded System Directive: org.apache.velocity.runtime.directive.Foreach
2015-09-15 22:34:08,879 - Created: 20 parsers.
2015-09-15 22:34:08,888 - Velocimacro : initialization starting.
2015-09-15 22:34:08,888 - Velocimacro : adding VMs from VM library template : VM_global_library.vm
2015-09-15 22:34:08,893 - ResourceManager : unable to find resource 'VM_global_library.vm' in any resource loader.
2015-09-15 22:34:08,893 - Velocimacro : error using  VM library template VM_global_library.vm : org.apache.velocity.exception.ResourceNotFoundException: Unable to find resource 'VM_global_library.vm'
2015-09-15 22:34:08,893 - Velocimacro :  VM library template macro registration complete.
2015-09-15 22:34:08,893 - Velocimacro : allowInline = true : VMs can be defined inline in templates
2015-09-15 22:34:08,893 - Velocimacro : allowInlineToOverride = false : VMs defined inline may NOT replace previous VM definitions
2015-09-15 22:34:08,893 - Velocimacro : allowInlineLocal = false : VMs defined inline will be  global in scope if allowed.
2015-09-15 22:34:08,893 - Velocimacro : messages on  : VM system will output logging messages
2015-09-15 22:34:08,893 - Velocimacro : autoload off  : VM system will not automatically reload global library macros
2015-09-15 22:34:08,893 - Velocimacro : initialization complete.
2015-09-15 22:34:08,893 - Velocity successfully started.
2015-09-15 22:34:20,528 - ResourceManager : found repast/simphony/scenario/Scenario.vt with loader org.apache.velocity.runtime.resource.loader.ClasspathResourceLoader
2015-09-15 22:34:23,912 - ResourceManager : found repast/simphony/parameter/parameters.vt with loader org.apache.velocity.runtime.resource.loader.ClasspathResourceLoader
2015-09-15 22:35:05,529 - ResourceManager : found repast/simphony/scenario/Scenario.vt with loader org.apache.velocity.runtime.resource.loader.ClasspathResourceLoader
2015-09-15 22:35:06,933 - ResourceManager : found repast/simphony/parameter/parameters.vt with loader org.apache.velocity.runtime.resource.loader.ClasspathResourceLoader
2015-09-15 22:39:30,604 - SimpleLog4JLogSystem initialized using logfile 'velocity.log'
2015-09-15 22:39:30,604 - ************************************************************** 
2015-09-15 22:39:30,604 - Starting Jakarta Velocity v1.4
2015-09-15 22:39:30,604 - RuntimeInstance initializing.
2015-09-15 22:39:30,604 - Default Properties File: org\apache\velocity\runtime\defaults\velocity.properties
2015-09-15 22:39:30,604 - Trying to use logger class org.apache.velocity.runtime.log.SimpleLog4JLogSystem
2015-09-15 22:39:30,604 - Using logger class org.apache.velocity.runtime.log.SimpleLog4JLogSystem
2015-09-15 22:39:30,609 - Default ResourceManager initializing. (class org.apache.velocity.runtime.resource.ResourceManagerImpl)
2015-09-15 22:39:30,612 - Resource Loader Instantiated: org.apache.velocity.runtime.resource.loader.ClasspathResourceLoader
2015-09-15 22:39:30,612 - ClasspathResourceLoader : initialization starting.
2015-09-15 22:39:30,612 - ClasspathResourceLoader : initialization complete.
2015-09-15 22:39:30,614 - ResourceCache : initialized. (class org.apache.velocity.runtime.resource.ResourceCacheImpl)
2015-09-15 22:39:30,614 - Default ResourceManager initialization complete.
2015-09-15 22:39:30,616 - Loaded System Directive: org.apache.velocity.runtime.directive.Literal
2015-09-15 22:39:30,618 - Loaded System Directive: org.apache.velocity.runtime.directive.Macro
2015-09-15 22:39:30,621 - Loaded System Directive: org.apache.velocity.runtime.directive.Parse
2015-09-15 22:39:30,623 - Loaded System Directive: org.apache.velocity.runtime.directive.Include
2015-09-15 22:39:30,624 - Loaded System Directive: org.apache.velocity.runtime.directive.Foreach
2015-09-15 22:39:30,653 - Created: 20 parsers.
2015-09-15 22:39:30,662 - Velocimacro : initialization starting.
2015-09-15 22:39:30,662 - Velocimacro : adding VMs from VM library template : VM_global_library.vm
2015-09-15 22:39:30,667 - ResourceManager : unable to find resource 'VM_global_library.vm' in any resource loader.
2015-09-15 22:39:30,667 - Velocimacro : error using  VM library template VM_global_library.vm : org.apache.velocity.exception.ResourceNotFoundException: Unable to find resource 'VM_global_library.vm'
2015-09-15 22:39:30,667 - Velocimacro :  VM library template macro registration complete.
2015-09-15 22:39:30,667 - Velocimacro : allowInline = true : VMs can be defined inline in templates
2015-09-15 22:39:30,667 - Velocimacro : allowInlineToOverride = false : VMs defined inline may NOT replace previous VM definitions
2015-09-15 22:39:30,667 - Velocimacro : allowInlineLocal = false : VMs defined inline will be  global in scope if allowed.
2015-09-15 22:39:30,667 - Velocimacro : messages on  : VM system will output logging messages
2015-09-15 22:39:30,667 - Velocimacro : autoload off  : VM system will not automatically reload global library macros
2015-09-15 22:39:30,667 - Velocimacro : initialization complete.
2015-09-15 22:39:30,667 - Velocity successfully started.
2015-09-15 22:40:05,314 - ResourceManager : found repast/simphony/scenario/Scenario.vt with loader org.apache.velocity.runtime.resource.loader.ClasspathResourceLoader
2015-09-15 22:40:24,594 - ResourceManager : found repast/simphony/scenario/Scenario.vt with loader org.apache.velocity.runtime.resource.loader.ClasspathResourceLoader
2015-09-15 22:40:29,612 - ResourceManager : found repast/simphony/parameter/parameters.vt with loader org.apache.velocity.runtime.resource.loader.ClasspathResourceLoader
2015-09-15 22:40:30,882 - ResourceManager : found repast/simphony/scenario/Scenario.vt with loader org.apache.velocity.runtime.resource.loader.ClasspathResourceLoader
2015-09-15 22:40:44,169 - ResourceManager : found repast/simphony/scenario/Scenario.vt with loader org.apache.velocity.runtime.resource.loader.ClasspathResourceLoader
2015-09-15 22:40:53,888 - ResourceManager : found repast/simphony/parameter/parameters.vt with loader org.apache.velocity.runtime.resource.loader.ClasspathResourceLoader
2015-09-15 22:41:26,165 - ResourceManager : found repast/simphony/scenario/Scenario.vt with loader org.apache.velocity.runtime.resource.loader.ClasspathResourceLoader
2015-09-15 22:41:28,078 - ResourceManager : found repast/simphony/parameter/parameters.vt with loader org.apache.velocity.runtime.resource.loader.ClasspathResourceLoader
2015-09-15 22:41:37,770 - ResourceManager : found repast/simphony/scenario/Scenario.vt with loader org.apache.velocity.runtime.resource.loader.ClasspathResourceLoader
2015-09-15 22:41:38,755 - ResourceManager : found repast/simphony/parameter/parameters.vt with loader org.apache.velocity.runtime.resource.loader.ClasspathResourceLoader
2015-09-15 22:42:59,386 - ResourceManager : found repast/simphony/scenario/Scenario.vt with loader org.apache.velocity.runtime.resource.loader.ClasspathResourceLoader
2015-09-15 22:43:34,943 - SimpleLog4JLogSystem initialized using logfile 'velocity.log'
2015-09-15 22:43:34,943 - ************************************************************** 
2015-09-15 22:43:34,943 - Starting Jakarta Velocity v1.4
2015-09-15 22:43:34,943 - RuntimeInstance initializing.
2015-09-15 22:43:34,943 - Default Properties File: org\apache\velocity\runtime\defaults\velocity.properties
2015-09-15 22:43:34,943 - Trying to use logger class org.apache.velocity.runtime.log.SimpleLog4JLogSystem
2015-09-15 22:43:34,943 - Using logger class org.apache.velocity.runtime.log.SimpleLog4JLogSystem
2015-09-15 22:43:34,948 - Default ResourceManager initializing. (class org.apache.velocity.runtime.resource.ResourceManagerImpl)
2015-09-15 22:43:34,952 - Resource Loader Instantiated: org.apache.velocity.runtime.resource.loader.ClasspathResourceLoader
2015-09-15 22:43:34,952 - ClasspathResourceLoader : initialization starting.
2015-09-15 22:43:34,952 - ClasspathResourceLoader : initialization complete.
2015-09-15 22:43:34,954 - ResourceCache : initialized. (class org.apache.velocity.runtime.resource.ResourceCacheImpl)
2015-09-15 22:43:34,954 - Default ResourceManager initialization complete.
2015-09-15 22:43:34,956 - Loaded System Directive: org.apache.velocity.runtime.directive.Literal
2015-09-15 22:43:34,958 - Loaded System Directive: org.apache.velocity.runtime.directive.Macro
2015-09-15 22:43:34,961 - Loaded System Directive: org.apache.velocity.runtime.directive.Parse
2015-09-15 22:43:34,963 - Loaded System Directive: org.apache.velocity.runtime.directive.Include
2015-09-15 22:43:34,964 - Loaded System Directive: org.apache.velocity.runtime.directive.Foreach
2015-09-15 22:43:34,993 - Created: 20 parsers.
2015-09-15 22:43:35,001 - Velocimacro : initialization starting.
2015-09-15 22:43:35,002 - Velocimacro : adding VMs from VM library template : VM_global_library.vm
2015-09-15 22:43:35,007 - ResourceManager : unable to find resource 'VM_global_library.vm' in any resource loader.
2015-09-15 22:43:35,007 - Velocimacro : error using  VM library template VM_global_library.vm : org.apache.velocity.exception.ResourceNotFoundException: Unable to find resource 'VM_global_library.vm'
2015-09-15 22:43:35,007 - Velocimacro :  VM library template macro registration complete.
2015-09-15 22:43:35,007 - Velocimacro : allowInline = true : VMs can be defined inline in templates
2015-09-15 22:43:35,007 - Velocimacro : allowInlineToOverride = false : VMs defined inline may NOT replace previous VM definitions
2015-09-15 22:43:35,007 - Velocimacro : allowInlineLocal = false : VMs defined inline will be  global in scope if allowed.
2015-09-15 22:43:35,007 - Velocimacro : messages on  : VM system will output logging messages
2015-09-15 22:43:35,007 - Velocimacro : autoload off  : VM system will not automatically reload global library macros
2015-09-15 22:43:35,007 - Velocimacro : initialization complete.
2015-09-15 22:43:35,007 - Velocity successfully started.
2015-09-15 22:45:46,880 - SimpleLog4JLogSystem initialized using logfile 'velocity.log'
2015-09-15 22:45:46,880 - ************************************************************** 
2015-09-15 22:45:46,880 - Starting Jakarta Velocity v1.4
2015-09-15 22:45:46,880 - RuntimeInstance initializing.
2015-09-15 22:45:46,880 - Default Properties File: org\apache\velocity\runtime\defaults\velocity.properties
2015-09-15 22:45:46,880 - Trying to use logger class org.apache.velocity.runtime.log.SimpleLog4JLogSystem
2015-09-15 22:45:46,880 - Using logger class org.apache.velocity.runtime.log.SimpleLog4JLogSystem
2015-09-15 22:45:46,884 - Default ResourceManager initializing. (class org.apache.velocity.runtime.resource.ResourceManagerImpl)
2015-09-15 22:45:46,887 - Resource Loader Instantiated: org.apache.velocity.runtime.resource.loader.ClasspathResourceLoader
2015-09-15 22:45:46,887 - ClasspathResourceLoader : initialization starting.
2015-09-15 22:45:46,887 - ClasspathResourceLoader : initialization complete.
2015-09-15 22:45:46,889 - ResourceCache : initialized. (class org.apache.velocity.runtime.resource.ResourceCacheImpl)
2015-09-15 22:45:46,889 - Default ResourceManager initialization complete.
2015-09-15 22:45:46,891 - Loaded System Directive: org.apache.velocity.runtime.directive.Literal
2015-09-15 22:45:46,893 - Loaded System Directive: org.apache.velocity.runtime.directive.Macro
2015-09-15 22:45:46,896 - Loaded System Directive: org.apache.velocity.runtime.directive.Parse
2015-09-15 22:45:46,899 - Loaded System Directive: org.apache.velocity.runtime.directive.Include
2015-09-15 22:45:46,901 - Loaded System Directive: org.apache.velocity.runtime.directive.Foreach
2015-09-15 22:45:46,931 - Created: 20 parsers.
2015-09-15 22:45:46,940 - Velocimacro : initialization starting.
2015-09-15 22:45:46,940 - Velocimacro : adding VMs from VM library template : VM_global_library.vm
2015-09-15 22:45:46,945 - ResourceManager : unable to find resource 'VM_global_library.vm' in any resource loader.
2015-09-15 22:45:46,945 - Velocimacro : error using  VM library template VM_global_library.vm : org.apache.velocity.exception.ResourceNotFoundException: Unable to find resource 'VM_global_library.vm'
2015-09-15 22:45:46,945 - Velocimacro :  VM library template macro registration complete.
2015-09-15 22:45:46,945 - Velocimacro : allowInline = true : VMs can be defined inline in templates
2015-09-15 22:45:46,945 - Velocimacro : allowInlineToOverride = false : VMs defined inline may NOT replace previous VM definitions
2015-09-15 22:45:46,946 - Velocimacro : allowInlineLocal = false : VMs defined inline will be  global in scope if allowed.
2015-09-15 22:45:46,946 - Velocimacro : messages on  : VM system will output logging messages
2015-09-15 22:45:46,946 - Velocimacro : autoload off  : VM system will not automatically reload global library macros
2015-09-15 22:45:46,946 - Velocimacro : initialization complete.
2015-09-15 22:45:46,946 - Velocity successfully started.
2015-09-15 22:46:50,365 - ResourceManager : found repast/simphony/scenario/Scenario.vt with loader org.apache.velocity.runtime.resource.loader.ClasspathResourceLoader
2015-09-15 22:46:59,278 - ResourceManager : found repast/simphony/scenario/Scenario.vt with loader org.apache.velocity.runtime.resource.loader.ClasspathResourceLoader
2015-09-15 22:47:03,786 - ResourceManager : found repast/simphony/parameter/parameters.vt with loader org.apache.velocity.runtime.resource.loader.ClasspathResourceLoader
2015-09-15 22:47:08,958 - ResourceManager : found repast/simphony/scenario/Scenario.vt with loader org.apache.velocity.runtime.resource.loader.ClasspathResourceLoader
2015-09-15 22:47:10,489 - ResourceManager : found repast/simphony/scenario/Scenario.vt with loader org.apache.velocity.runtime.resource.loader.ClasspathResourceLoader
2015-09-15 22:48:47,007 - SimpleLog4JLogSystem initialized using logfile 'velocity.log'
2015-09-15 22:48:47,007 - ************************************************************** 
2015-09-15 22:48:47,007 - Starting Jakarta Velocity v1.4
2015-09-15 22:48:47,008 - RuntimeInstance initializing.
2015-09-15 22:48:47,008 - Default Properties File: org\apache\velocity\runtime\defaults\velocity.properties
2015-09-15 22:48:47,008 - Trying to use logger class org.apache.velocity.runtime.log.SimpleLog4JLogSystem
2015-09-15 22:48:47,008 - Using logger class org.apache.velocity.runtime.log.SimpleLog4JLogSystem
2015-09-15 22:48:47,013 - Default ResourceManager initializing. (class org.apache.velocity.runtime.resource.ResourceManagerImpl)
2015-09-15 22:48:47,017 - Resource Loader Instantiated: org.apache.velocity.runtime.resource.loader.ClasspathResourceLoader
2015-09-15 22:48:47,018 - ClasspathResourceLoader : initialization starting.
2015-09-15 22:48:47,018 - ClasspathResourceLoader : initialization complete.
2015-09-15 22:48:47,021 - ResourceCache : initialized. (class org.apache.velocity.runtime.resource.ResourceCacheImpl)
2015-09-15 22:48:47,021 - Default ResourceManager initialization complete.
2015-09-15 22:48:47,024 - Loaded System Directive: org.apache.velocity.runtime.directive.Literal
2015-09-15 22:48:47,026 - Loaded System Directive: org.apache.velocity.runtime.directive.Macro
2015-09-15 22:48:47,029 - Loaded System Directive: org.apache.velocity.runtime.directive.Parse
2015-09-15 22:48:47,032 - Loaded System Directive: org.apache.velocity.runtime.directive.Include
2015-09-15 22:48:47,033 - Loaded System Directive: org.apache.velocity.runtime.directive.Foreach
2015-09-15 22:48:47,066 - Created: 20 parsers.
2015-09-15 22:48:47,076 - Velocimacro : initialization starting.
2015-09-15 22:48:47,077 - Velocimacro : adding VMs from VM library template : VM_global_library.vm
2015-09-15 22:48:47,091 - ResourceManager : unable to find resource 'VM_global_library.vm' in any resource loader.
2015-09-15 22:48:47,091 - Velocimacro : error using  VM library template VM_global_library.vm : org.apache.velocity.exception.ResourceNotFoundException: Unable to find resource 'VM_global_library.vm'
2015-09-15 22:48:47,091 - Velocimacro :  VM library template macro registration complete.
2015-09-15 22:48:47,091 - Velocimacro : allowInline = true : VMs can be defined inline in templates
2015-09-15 22:48:47,091 - Velocimacro : allowInlineToOverride = false : VMs defined inline may NOT replace previous VM definitions
2015-09-15 22:48:47,091 - Velocimacro : allowInlineLocal = false : VMs defined inline will be  global in scope if allowed.
2015-09-15 22:48:47,091 - Velocimacro : messages on  : VM system will output logging messages
2015-09-15 22:48:47,092 - Velocimacro : autoload off  : VM system will not automatically reload global library macros
2015-09-15 22:48:47,092 - Velocimacro : initialization complete.
2015-09-15 22:48:47,092 - Velocity successfully started.
2015-09-15 22:50:33,191 - ResourceManager : found repast/simphony/scenario/Scenario.vt with loader org.apache.velocity.runtime.resource.loader.ClasspathResourceLoader
2015-09-15 22:51:38,693 - SimpleLog4JLogSystem initialized using logfile 'velocity.log'
2015-09-15 22:51:38,694 - ************************************************************** 
2015-09-15 22:51:38,694 - Starting Jakarta Velocity v1.4
2015-09-15 22:51:38,694 - RuntimeInstance initializing.
2015-09-15 22:51:38,694 - Default Properties File: org\apache\velocity\runtime\defaults\velocity.properties
2015-09-15 22:51:38,694 - Trying to use logger class org.apache.velocity.runtime.log.SimpleLog4JLogSystem
2015-09-15 22:51:38,694 - Using logger class org.apache.velocity.runtime.log.SimpleLog4JLogSystem
2015-09-15 22:51:38,698 - Default ResourceManager initializing. (class org.apache.velocity.runtime.resource.ResourceManagerImpl)
2015-09-15 22:51:38,701 - Resource Loader Instantiated: org.apache.velocity.runtime.resource.loader.ClasspathResourceLoader
2015-09-15 22:51:38,701 - ClasspathResourceLoader : initialization starting.
2015-09-15 22:51:38,701 - ClasspathResourceLoader : initialization complete.
2015-09-15 22:51:38,703 - ResourceCache : initialized. (class org.apache.velocity.runtime.resource.ResourceCacheImpl)
2015-09-15 22:51:38,703 - Default ResourceManager initialization complete.
2015-09-15 22:51:38,705 - Loaded System Directive: org.apache.velocity.runtime.directive.Literal
2015-09-15 22:51:38,707 - Loaded System Directive: org.apache.velocity.runtime.directive.Macro
2015-09-15 22:51:38,710 - Loaded System Directive: org.apache.velocity.runtime.directive.Parse
2015-09-15 22:51:38,712 - Loaded System Directive: org.apache.velocity.runtime.directive.Include
2015-09-15 22:51:38,713 - Loaded System Directive: org.apache.velocity.runtime.directive.Foreach
2015-09-15 22:51:38,742 - Created: 20 parsers.
2015-09-15 22:51:38,751 - Velocimacro : initialization starting.
2015-09-15 22:51:38,751 - Velocimacro : adding VMs from VM library template : VM_global_library.vm
2015-09-15 22:51:38,758 - ResourceManager : unable to find resource 'VM_global_library.vm' in any resource loader.
2015-09-15 22:51:38,758 - Velocimacro : error using  VM library template VM_global_library.vm : org.apache.velocity.exception.ResourceNotFoundException: Unable to find resource 'VM_global_library.vm'
2015-09-15 22:51:38,758 - Velocimacro :  VM library template macro registration complete.
2015-09-15 22:51:38,758 - Velocimacro : allowInline = true : VMs can be defined inline in templates
2015-09-15 22:51:38,758 - Velocimacro : allowInlineToOverride = false : VMs defined inline may NOT replace previous VM definitions
2015-09-15 22:51:38,758 - Velocimacro : allowInlineLocal = false : VMs defined inline will be  global in scope if allowed.
2015-09-15 22:51:38,758 - Velocimacro : messages on  : VM system will output logging messages
2015-09-15 22:51:38,758 - Velocimacro : autoload off  : VM system will not automatically reload global library macros
2015-09-15 22:51:38,759 - Velocimacro : initialization complete.
2015-09-15 22:51:38,759 - Velocity successfully started.
2015-09-15 22:56:08,451 - SimpleLog4JLogSystem initialized using logfile 'velocity.log'
2015-09-15 22:56:08,452 - ************************************************************** 
2015-09-15 22:56:08,452 - Starting Jakarta Velocity v1.4
2015-09-15 22:56:08,452 - RuntimeInstance initializing.
2015-09-15 22:56:08,452 - Default Properties File: org\apache\velocity\runtime\defaults\velocity.properties
2015-09-15 22:56:08,452 - Trying to use logger class org.apache.velocity.runtime.log.SimpleLog4JLogSystem
2015-09-15 22:56:08,452 - Using logger class org.apache.velocity.runtime.log.SimpleLog4JLogSystem
2015-09-15 22:56:08,456 - Default ResourceManager initializing. (class org.apache.velocity.runtime.resource.ResourceManagerImpl)
2015-09-15 22:56:08,459 - Resource Loader Instantiated: org.apache.velocity.runtime.resource.loader.ClasspathResourceLoader
2015-09-15 22:56:08,459 - ClasspathResourceLoader : initialization starting.
2015-09-15 22:56:08,460 - ClasspathResourceLoader : initialization complete.
2015-09-15 22:56:08,461 - ResourceCache : initialized. (class org.apache.velocity.runtime.resource.ResourceCacheImpl)
2015-09-15 22:56:08,461 - Default ResourceManager initialization complete.
2015-09-15 22:56:08,463 - Loaded System Directive: org.apache.velocity.runtime.directive.Literal
2015-09-15 22:56:08,465 - Loaded System Directive: org.apache.velocity.runtime.directive.Macro
2015-09-15 22:56:08,469 - Loaded System Directive: org.apache.velocity.runtime.directive.Parse
2015-09-15 22:56:08,471 - Loaded System Directive: org.apache.velocity.runtime.directive.Include
2015-09-15 22:56:08,472 - Loaded System Directive: org.apache.velocity.runtime.directive.Foreach
2015-09-15 22:56:08,501 - Created: 20 parsers.
2015-09-15 22:56:08,510 - Velocimacro : initialization starting.
2015-09-15 22:56:08,510 - Velocimacro : adding VMs from VM library template : VM_global_library.vm
2015-09-15 22:56:08,517 - ResourceManager : unable to find resource 'VM_global_library.vm' in any resource loader.
2015-09-15 22:56:08,517 - Velocimacro : error using  VM library template VM_global_library.vm : org.apache.velocity.exception.ResourceNotFoundException: Unable to find resource 'VM_global_library.vm'
2015-09-15 22:56:08,517 - Velocimacro :  VM library template macro registration complete.
2015-09-15 22:56:08,517 - Velocimacro : allowInline = true : VMs can be defined inline in templates
2015-09-15 22:56:08,517 - Velocimacro : allowInlineToOverride = false : VMs defined inline may NOT replace previous VM definitions
2015-09-15 22:56:08,517 - Velocimacro : allowInlineLocal = false : VMs defined inline will be  global in scope if allowed.
2015-09-15 22:56:08,517 - Velocimacro : messages on  : VM system will output logging messages
2015-09-15 22:56:08,517 - Velocimacro : autoload off  : VM system will not automatically reload global library macros
2015-09-15 22:56:08,517 - Velocimacro : initialization complete.
2015-09-15 22:56:08,517 - Velocity successfully started.
2015-09-15 22:56:52,961 - ResourceManager : found repast/simphony/scenario/Scenario.vt with loader org.apache.velocity.runtime.resource.loader.ClasspathResourceLoader
2015-09-15 22:56:54,997 - ResourceManager : found repast/simphony/parameter/parameters.vt with loader org.apache.velocity.runtime.resource.loader.ClasspathResourceLoader
2015-09-15 23:01:31,596 - SimpleLog4JLogSystem initialized using logfile 'velocity.log'
2015-09-15 23:01:31,596 - ************************************************************** 
2015-09-15 23:01:31,596 - Starting Jakarta Velocity v1.4
2015-09-15 23:01:31,596 - RuntimeInstance initializing.
2015-09-15 23:01:31,596 - Default Properties File: org\apache\velocity\runtime\defaults\velocity.properties
2015-09-15 23:01:31,596 - Trying to use logger class org.apache.velocity.runtime.log.SimpleLog4JLogSystem
2015-09-15 23:01:31,596 - Using logger class org.apache.velocity.runtime.log.SimpleLog4JLogSystem
2015-09-15 23:01:31,598 - SimpleLog4JLogSystem initialized using logfile 'velocity.log'
2015-09-15 23:01:31,598 - ************************************************************** 
2015-09-15 23:01:31,598 - Starting Jakarta Velocity v1.4
2015-09-15 23:01:31,598 - RuntimeInstance initializing.
2015-09-15 23:01:31,598 - Default Properties File: org\apache\velocity\runtime\defaults\velocity.properties
2015-09-15 23:01:31,598 - Trying to use logger class org.apache.velocity.runtime.log.SimpleLog4JLogSystem
2015-09-15 23:01:31,598 - Using logger class org.apache.velocity.runtime.log.SimpleLog4JLogSystem
2015-09-15 23:01:31,601 - Default ResourceManager initializing. (class org.apache.velocity.runtime.resource.ResourceManagerImpl)
2015-09-15 23:01:31,603 - Default ResourceManager initializing. (class org.apache.velocity.runtime.resource.ResourceManagerImpl)
2015-09-15 23:01:31,607 - Resource Loader Instantiated: org.apache.velocity.runtime.resource.loader.ClasspathResourceLoader
2015-09-15 23:01:31,607 - ClasspathResourceLoader : initialization starting.
2015-09-15 23:01:31,607 - ClasspathResourceLoader : initialization complete.
2015-09-15 23:01:31,607 - Resource Loader Instantiated: org.apache.velocity.runtime.resource.loader.ClasspathResourceLoader
2015-09-15 23:01:31,607 - ClasspathResourceLoader : initialization starting.
2015-09-15 23:01:31,607 - ClasspathResourceLoader : initialization complete.
2015-09-15 23:01:31,609 - ResourceCache : initialized. (class org.apache.velocity.runtime.resource.ResourceCacheImpl)
2015-09-15 23:01:31,609 - Default ResourceManager initialization complete.
2015-09-15 23:01:31,610 - ResourceCache : initialized. (class org.apache.velocity.runtime.resource.ResourceCacheImpl)
2015-09-15 23:01:31,610 - Default ResourceManager initialization complete.
2015-09-15 23:01:31,611 - Loaded System Directive: org.apache.velocity.runtime.directive.Literal
2015-09-15 23:01:31,613 - Loaded System Directive: org.apache.velocity.runtime.directive.Literal
2015-09-15 23:01:31,614 - Loaded System Directive: org.apache.velocity.runtime.directive.Macro
2015-09-15 23:01:31,616 - Loaded System Directive: org.apache.velocity.runtime.directive.Macro
2015-09-15 23:01:31,617 - Loaded System Directive: org.apache.velocity.runtime.directive.Parse
2015-09-15 23:01:31,619 - Loaded System Directive: org.apache.velocity.runtime.directive.Parse
2015-09-15 23:01:31,620 - Loaded System Directive: org.apache.velocity.runtime.directive.Include
2015-09-15 23:01:31,621 - Loaded System Directive: org.apache.velocity.runtime.directive.Foreach
2015-09-15 23:01:31,621 - Loaded System Directive: org.apache.velocity.runtime.directive.Include
2015-09-15 23:01:31,622 - Loaded System Directive: org.apache.velocity.runtime.directive.Foreach
2015-09-15 23:01:31,674 - Created: 20 parsers.
2015-09-15 23:01:31,674 - Created: 20 parsers.
2015-09-15 23:01:31,685 - Velocimacro : initialization starting.
2015-09-15 23:01:31,685 - Velocimacro : adding VMs from VM library template : VM_global_library.vm
2015-09-15 23:01:31,685 - Velocimacro : initialization starting.
2015-09-15 23:01:31,685 - Velocimacro : adding VMs from VM library template : VM_global_library.vm
2015-09-15 23:01:31,690 - ResourceManager : unable to find resource 'VM_global_library.vm' in any resource loader.
2015-09-15 23:01:31,690 - Velocimacro : error using  VM library template VM_global_library.vm : org.apache.velocity.exception.ResourceNotFoundException: Unable to find resource 'VM_global_library.vm'
2015-09-15 23:01:31,690 - Velocimacro :  VM library template macro registration complete.
2015-09-15 23:01:31,690 - Velocimacro : allowInline = true : VMs can be defined inline in templates
2015-09-15 23:01:31,690 - Velocimacro : allowInlineToOverride = false : VMs defined inline may NOT replace previous VM definitions
2015-09-15 23:01:31,690 - Velocimacro : allowInlineLocal = false : VMs defined inline will be  global in scope if allowed.
2015-09-15 23:01:31,690 - Velocimacro : messages on  : VM system will output logging messages
2015-09-15 23:01:31,690 - Velocimacro : autoload off  : VM system will not automatically reload global library macros
2015-09-15 23:01:31,690 - Velocimacro : initialization complete.
2015-09-15 23:01:31,690 - Velocity successfully started.
2015-09-15 23:01:31,691 - ResourceManager : unable to find resource 'VM_global_library.vm' in any resource loader.
2015-09-15 23:01:31,691 - Velocimacro : error using  VM library template VM_global_library.vm : org.apache.velocity.exception.ResourceNotFoundException: Unable to find resource 'VM_global_library.vm'
2015-09-15 23:01:31,691 - Velocimacro :  VM library template macro registration complete.
2015-09-15 23:01:31,691 - Velocimacro : allowInline = true : VMs can be defined inline in templates
2015-09-15 23:01:31,691 - Velocimacro : allowInlineToOverride = false : VMs defined inline may NOT replace previous VM definitions
2015-09-15 23:01:31,691 - Velocimacro : allowInlineLocal = false : VMs defined inline will be  global in scope if allowed.
2015-09-15 23:01:31,691 - Velocimacro : messages on  : VM system will output logging messages
2015-09-15 23:01:31,691 - Velocimacro : autoload off  : VM system will not automatically reload global library macros
2015-09-15 23:01:31,691 - Velocimacro : initialization complete.
2015-09-15 23:01:31,691 - Velocity successfully started.
